<?xml version="1.0" encoding="UTF-8"?>
<coverage generated="1699890413564" clover="3.2.0">
  <project timestamp="1699890413564" name="All files">
    <metrics statements="32" coveredstatements="25" conditionals="21" coveredconditionals="16" methods="13" coveredmethods="11" elements="66" coveredelements="52" complexity="0" loc="32" ncloc="32" packages="1" files="2" classes="2"/>
    <file name="notas.js" path="C:\Users\Victoria\Desktop\obligatorio1-alcarraz-chappuis-vera\ObligatorioNuevo\src\domain\notas.js">
      <metrics statements="22" coveredstatements="21" conditionals="15" coveredconditionals="15" methods="8" coveredmethods="8"/>
      <line num="8" count="18" type="stmt"/>
      <line num="12" count="1" type="stmt"/>
      <line num="15" count="1" type="stmt"/>
      <line num="18" count="4" type="stmt"/>
      <line num="22" count="13" type="stmt"/>
      <line num="26" count="9" type="cond" truecount="5" falsecount="0"/>
      <line num="28" count="3" type="stmt"/>
      <line num="29" count="3" type="stmt"/>
      <line num="31" count="1" type="stmt"/>
      <line num="32" count="1" type="stmt"/>
      <line num="34" count="3" type="stmt"/>
      <line num="35" count="3" type="stmt"/>
      <line num="37" count="1" type="stmt"/>
      <line num="38" count="1" type="stmt"/>
      <line num="40" count="1" type="stmt"/>
      <line num="41" count="0" type="stmt"/>
      <line num="47" count="1" type="stmt"/>
      <line num="51" count="13" type="cond" truecount="5" falsecount="0"/>
      <line num="52" count="3" type="stmt"/>
      <line num="54" count="10" type="cond" truecount="5" falsecount="0"/>
      <line num="55" count="3" type="stmt"/>
      <line num="57" count="7" type="stmt"/>
    </file>
    <file name="notasList.js" path="C:\Users\Victoria\Desktop\obligatorio1-alcarraz-chappuis-vera\ObligatorioNuevo\src\domain\notasList.js">
      <metrics statements="10" coveredstatements="4" conditionals="6" coveredconditionals="1" methods="5" coveredmethods="3"/>
      <line num="6" count="4" type="stmt"/>
      <line num="10" count="2" type="cond" truecount="1" falsecount="1"/>
      <line num="11" count="2" type="stmt"/>
      <line num="13" count="0" type="stmt"/>
      <line num="18" count="0" type="cond" truecount="0" falsecount="2"/>
      <line num="20" count="0" type="cond" truecount="0" falsecount="2"/>
      <line num="21" count="0" type="stmt"/>
      <line num="22" count="0" type="stmt"/>
      <line num="24" count="0" type="stmt"/>
      <line num="29" count="2" type="stmt"/>
    </file>
  </project>
</coverage>
