{"C:\\Users\\Victoria\\Desktop\\obligatorio1-alcarraz-chappuis-vera\\ObligatorioNuevo\\src\\domain\\notas.js": {"path":"C:\\Users\\Victoria\\Desktop\\obligatorio1-alcarraz-chappuis-vera\\ObligatorioNuevo\\src\\domain\\notas.js","statementMap":{"0":{"start":{"line":8,"column":4},"end":{"line":8,"column":27}},"1":{"start":{"line":12,"column":4},"end":{"line":12,"column":24}},"2":{"start":{"line":15,"column":4},"end":{"line":15,"column":22}},"3":{"start":{"line":18,"column":4},"end":{"line":18,"column":22}},"4":{"start":{"line":22,"column":4},"end":{"line":22,"column":25}},"5":{"start":{"line":26,"column":6},"end":{"line":42,"column":7}},"6":{"start":{"line":28,"column":10},"end":{"line":28,"column":32}},"7":{"start":{"line":29,"column":10},"end":{"line":29,"column":16}},"8":{"start":{"line":31,"column":10},"end":{"line":31,"column":32}},"9":{"start":{"line":32,"column":10},"end":{"line":32,"column":16}},"10":{"start":{"line":34,"column":10},"end":{"line":34,"column":32}},"11":{"start":{"line":35,"column":10},"end":{"line":35,"column":16}},"12":{"start":{"line":37,"column":10},"end":{"line":37,"column":32}},"13":{"start":{"line":38,"column":10},"end":{"line":38,"column":16}},"14":{"start":{"line":40,"column":10},"end":{"line":40,"column":60}},"15":{"start":{"line":41,"column":10},"end":{"line":41,"column":16}},"16":{"start":{"line":47,"column":4},"end":{"line":47,"column":86}},"17":{"start":{"line":51,"column":4},"end":{"line":53,"column":5}},"18":{"start":{"line":52,"column":6},"end":{"line":52,"column":62}},"19":{"start":{"line":54,"column":4},"end":{"line":56,"column":5}},"20":{"start":{"line":55,"column":6},"end":{"line":55,"column":63}},"21":{"start":{"line":57,"column":4},"end":{"line":57,"column":16}}},"fnMap":{"0":{"name":"(anonymous_0)","decl":{"start":{"line":7,"column":2},"end":{"line":7,"column":3}},"loc":{"start":{"line":7,"column":23},"end":{"line":9,"column":3}},"line":7},"1":{"name":"(anonymous_1)","decl":{"start":{"line":11,"column":2},"end":{"line":11,"column":3}},"loc":{"start":{"line":11,"column":14},"end":{"line":13,"column":3}},"line":11},"2":{"name":"(anonymous_2)","decl":{"start":{"line":14,"column":2},"end":{"line":14,"column":3}},"loc":{"start":{"line":14,"column":12},"end":{"line":16,"column":3}},"line":14},"3":{"name":"(anonymous_3)","decl":{"start":{"line":17,"column":2},"end":{"line":17,"column":3}},"loc":{"start":{"line":17,"column":12},"end":{"line":19,"column":3}},"line":17},"4":{"name":"(anonymous_4)","decl":{"start":{"line":21,"column":2},"end":{"line":21,"column":3}},"loc":{"start":{"line":21,"column":19},"end":{"line":23,"column":3}},"line":21},"5":{"name":"(anonymous_5)","decl":{"start":{"line":24,"column":2},"end":{"line":24,"column":3}},"loc":{"start":{"line":24,"column":18},"end":{"line":44,"column":3}},"line":24},"6":{"name":"(anonymous_6)","decl":{"start":{"line":46,"column":2},"end":{"line":46,"column":3}},"loc":{"start":{"line":46,"column":13},"end":{"line":48,"column":3}},"line":46},"7":{"name":"(anonymous_7)","decl":{"start":{"line":50,"column":2},"end":{"line":50,"column":3}},"loc":{"start":{"line":50,"column":12},"end":{"line":58,"column":3}},"line":50}},"branchMap":{"0":{"loc":{"start":{"line":26,"column":6},"end":{"line":42,"column":7}},"type":"switch","locations":[{"start":{"line":27,"column":8},"end":{"line":29,"column":16}},{"start":{"line":30,"column":8},"end":{"line":32,"column":16}},{"start":{"line":33,"column":8},"end":{"line":35,"column":16}},{"start":{"line":36,"column":8},"end":{"line":38,"column":16}},{"start":{"line":39,"column":8},"end":{"line":41,"column":16}}],"line":26},"1":{"loc":{"start":{"line":51,"column":4},"end":{"line":53,"column":5}},"type":"if","locations":[{"start":{"line":51,"column":4},"end":{"line":53,"column":5}},{"start":{},"end":{}}],"line":51},"2":{"loc":{"start":{"line":51,"column":8},"end":{"line":51,"column":82}},"type":"binary-expr","locations":[{"start":{"line":51,"column":8},"end":{"line":51,"column":34}},{"start":{"line":51,"column":38},"end":{"line":51,"column":59}},{"start":{"line":51,"column":63},"end":{"line":51,"column":82}}],"line":51},"3":{"loc":{"start":{"line":54,"column":4},"end":{"line":56,"column":5}},"type":"if","locations":[{"start":{"line":54,"column":4},"end":{"line":56,"column":5}},{"start":{},"end":{}}],"line":54},"4":{"loc":{"start":{"line":54,"column":8},"end":{"line":54,"column":79}},"type":"binary-expr","locations":[{"start":{"line":54,"column":8},"end":{"line":54,"column":33}},{"start":{"line":54,"column":37},"end":{"line":54,"column":57}},{"start":{"line":54,"column":61},"end":{"line":54,"column":79}}],"line":54}},"s":{"0":18,"1":1,"2":1,"3":4,"4":13,"5":9,"6":3,"7":3,"8":1,"9":1,"10":3,"11":3,"12":1,"13":1,"14":1,"15":0,"16":1,"17":13,"18":3,"19":10,"20":3,"21":7},"f":{"0":18,"1":1,"2":1,"3":4,"4":13,"5":9,"6":1,"7":13},"b":{"0":[3,1,3,1,1],"1":[3,10],"2":[13,12,11],"3":[3,7],"4":[10,9,8]},"_coverageSchema":"1a1c01bbd47fc00a2c39e90264f33305004495a9","hash":"53d49df500fd8967a19a8a441bd170c4c9a4847a"}
,"C:\\Users\\Victoria\\Desktop\\obligatorio1-alcarraz-chappuis-vera\\ObligatorioNuevo\\src\\domain\\notasList.js": {"path":"C:\\Users\\Victoria\\Desktop\\obligatorio1-alcarraz-chappuis-vera\\ObligatorioNuevo\\src\\domain\\notasList.js","statementMap":{"0":{"start":{"line":6,"column":4},"end":{"line":6,"column":21}},"1":{"start":{"line":10,"column":4},"end":{"line":14,"column":5}},"2":{"start":{"line":11,"column":6},"end":{"line":11,"column":30}},"3":{"start":{"line":13,"column":6},"end":{"line":13,"column":87}},"4":{"start":{"line":18,"column":22},"end":{"line":18,"column":115}},"5":{"start":{"line":18,"column":52},"end":{"line":18,"column":114}},"6":{"start":{"line":20,"column":4},"end":{"line":25,"column":5}},"7":{"start":{"line":21,"column":6},"end":{"line":21,"column":39}},"8":{"start":{"line":22,"column":6},"end":{"line":22,"column":25}},"9":{"start":{"line":24,"column":6},"end":{"line":24,"column":106}},"10":{"start":{"line":29,"column":4},"end":{"line":29,"column":23}}},"fnMap":{"0":{"name":"(anonymous_0)","decl":{"start":{"line":5,"column":2},"end":{"line":5,"column":3}},"loc":{"start":{"line":5,"column":16},"end":{"line":7,"column":3}},"line":5},"1":{"name":"(anonymous_1)","decl":{"start":{"line":9,"column":2},"end":{"line":9,"column":3}},"loc":{"start":{"line":9,"column":13},"end":{"line":15,"column":3}},"line":9},"2":{"name":"(anonymous_2)","decl":{"start":{"line":17,"column":2},"end":{"line":17,"column":3}},"loc":{"start":{"line":17,"column":55},"end":{"line":26,"column":3}},"line":17},"3":{"name":"(anonymous_3)","decl":{"start":{"line":18,"column":44},"end":{"line":18,"column":45}},"loc":{"start":{"line":18,"column":52},"end":{"line":18,"column":114}},"line":18},"4":{"name":"(anonymous_4)","decl":{"start":{"line":28,"column":2},"end":{"line":28,"column":3}},"loc":{"start":{"line":28,"column":17},"end":{"line":30,"column":3}},"line":28}},"branchMap":{"0":{"loc":{"start":{"line":10,"column":4},"end":{"line":14,"column":5}},"type":"if","locations":[{"start":{"line":10,"column":4},"end":{"line":14,"column":5}},{"start":{"line":12,"column":11},"end":{"line":14,"column":5}}],"line":10},"1":{"loc":{"start":{"line":18,"column":52},"end":{"line":18,"column":114}},"type":"binary-expr","locations":[{"start":{"line":18,"column":52},"end":{"line":18,"column":79}},{"start":{"line":18,"column":83},"end":{"line":18,"column":114}}],"line":18},"2":{"loc":{"start":{"line":20,"column":4},"end":{"line":25,"column":5}},"type":"if","locations":[{"start":{"line":20,"column":4},"end":{"line":25,"column":5}},{"start":{"line":23,"column":11},"end":{"line":25,"column":5}}],"line":20}},"s":{"0":4,"1":2,"2":2,"3":0,"4":0,"5":0,"6":0,"7":0,"8":0,"9":0,"10":2},"f":{"0":4,"1":2,"2":0,"3":0,"4":2},"b":{"0":[2,0],"1":[0,0],"2":[0,0]},"_coverageSchema":"1a1c01bbd47fc00a2c39e90264f33305004495a9","hash":"54efd1251d794ca49444db5e140fe6c601047a37"}
}
