TN:
SF:domain\notas.js
FN:7,(anonymous_0)
FN:11,(anonymous_1)
FN:14,(anonymous_2)
FN:17,(anonymous_3)
FN:21,(anonymous_4)
FN:24,(anonymous_5)
FN:46,(anonymous_6)
FN:50,(anonymous_7)
FNF:8
FNH:8
FNDA:18,(anonymous_0)
FNDA:1,(anonymous_1)
FNDA:1,(anonymous_2)
FNDA:4,(anonymous_3)
FNDA:13,(anonymous_4)
FNDA:9,(anonymous_5)
FNDA:1,(anonymous_6)
FNDA:13,(anonymous_7)
DA:8,18
DA:12,1
DA:15,1
DA:18,4
DA:22,13
DA:26,9
DA:28,3
DA:29,3
DA:31,1
DA:32,1
DA:34,3
DA:35,3
DA:37,1
DA:38,1
DA:40,1
DA:41,0
DA:47,1
DA:51,13
DA:52,3
DA:54,10
DA:55,3
DA:57,7
LF:22
LH:21
BRDA:26,0,0,3
BRDA:26,0,1,1
BRDA:26,0,2,3
BRDA:26,0,3,1
BRDA:26,0,4,1
BRDA:51,1,0,3
BRDA:51,1,1,10
BRDA:51,2,0,13
BRDA:51,2,1,12
BRDA:51,2,2,11
BRDA:54,3,0,3
BRDA:54,3,1,7
BRDA:54,4,0,10
BRDA:54,4,1,9
BRDA:54,4,2,8
BRF:15
BRH:15
end_of_record
TN:
SF:domain\notasList.js
FN:5,(anonymous_0)
FN:9,(anonymous_1)
FN:17,(anonymous_2)
FN:18,(anonymous_3)
FN:28,(anonymous_4)
FNF:5
FNH:3
FNDA:4,(anonymous_0)
FNDA:2,(anonymous_1)
FNDA:0,(anonymous_2)
FNDA:0,(anonymous_3)
FNDA:2,(anonymous_4)
DA:6,4
DA:10,2
DA:11,2
DA:13,0
DA:18,0
DA:20,0
DA:21,0
DA:22,0
DA:24,0
DA:29,2
LF:10
LH:4
BRDA:10,0,0,2
BRDA:10,0,1,0
BRDA:18,1,0,0
BRDA:18,1,1,0
BRDA:20,2,0,0
BRDA:20,2,1,0
BRF:6
BRH:1
end_of_record
